100 /project/atlas/users/okarkout/theo/dmonly/run/cards/MO_inp100.dat
Processing /project/atlas/users/okarkout/theo/dmonly/run/cards/MO_inp100.dat with micromegas
1000.000 4.90e-02 1.218E-09
processing 100	1000	0.049	1.218e-09
Point agrees with DM data
101 /project/atlas/users/okarkout/theo/dmonly/run/cards/MO_inp101.dat
Processing /project/atlas/users/okarkout/theo/dmonly/run/cards/MO_inp101.dat with micromegas
10.000 7.30e-02 1.722E-05
processing 101	10	0.073	1.722e-05
excluded from dm 10
Should be visible in LUX!
102 /project/atlas/users/okarkout/theo/dmonly/run/cards/MO_inp102.dat
Processing /project/atlas/users/okarkout/theo/dmonly/run/cards/MO_inp102.dat with micromegas
60.000 4.40e-05 5.550E-07
processing 102	60	4.4e-05	5.55e-07
excluded from dm 10
Should be visible in LUX!
103 /project/atlas/users/okarkout/theo/dmonly/run/cards/MO_inp103.dat
Processing /project/atlas/users/okarkout/theo/dmonly/run/cards/MO_inp103.dat with micromegas
110.000 5.53e-04 1.675E-07
processing 103	110	0.000553	1.675e-07
excluded from dm 10
Should be visible in LUX!
104 /project/atlas/users/okarkout/theo/dmonly/run/cards/MO_inp104.dat
Processing /project/atlas/users/okarkout/theo/dmonly/run/cards/MO_inp104.dat with micromegas
160.000 2.28e-04 7.957E-08
processing 104	160	0.000228	7.957e-08
excluded from dm 10
Should be visible in LUX!
105 /project/atlas/users/okarkout/theo/dmonly/run/cards/MO_inp105.dat
Processing /project/atlas/users/okarkout/theo/dmonly/run/cards/MO_inp105.dat with micromegas
210.000 9.50e-05 4.632E-08
processing 105	210	9.5e-05	4.632e-08
Point agrees with DM data
106 /project/atlas/users/okarkout/theo/dmonly/run/cards/MO_inp106.dat
Processing /project/atlas/users/okarkout/theo/dmonly/run/cards/MO_inp106.dat with micromegas
260.000 1.78e-05 3.027E-08
processing 106	260	1.78e-05	3.027e-08
Point agrees with DM data
107 /project/atlas/users/okarkout/theo/dmonly/run/cards/MO_inp107.dat
Processing /project/atlas/users/okarkout/theo/dmonly/run/cards/MO_inp107.dat with micromegas
310.000 5.82e-04 2.132E-08
processing 107	310	0.000582	2.132e-08
Point agrees with DM data
108 /project/atlas/users/okarkout/theo/dmonly/run/cards/MO_inp108.dat
Processing /project/atlas/users/okarkout/theo/dmonly/run/cards/MO_inp108.dat with micromegas
360.000 2.11e-03 1.582E-08
processing 108	360	0.00211	1.582e-08
Point agrees with DM data
109 /project/atlas/users/okarkout/theo/dmonly/run/cards/MO_inp109.dat
Processing /project/atlas/users/okarkout/theo/dmonly/run/cards/MO_inp109.dat with micromegas
410.000 5.29e-03 1.220E-08
processing 109	410	0.00529	1.22e-08
excluded from dm 10
Should be visible in LUX!
10 /project/atlas/users/okarkout/theo/dmonly/run/cards/MO_inp10.dat
Processing /project/atlas/users/okarkout/theo/dmonly/run/cards/MO_inp10.dat with micromegas
460.000 3.59e-02 2.243E-10
processing 10	460	0.0359	2.243e-10
Point agrees with DM data
110 /project/atlas/users/okarkout/theo/dmonly/run/cards/MO_inp110.dat
Processing /project/atlas/users/okarkout/theo/dmonly/run/cards/MO_inp110.dat with micromegas
460.000 1.03e-02 9.700E-09
processing 110	460	0.0103	9.7e-09
excluded from dm 10
Should be visible in LUX!
111 /project/atlas/users/okarkout/theo/dmonly/run/cards/MO_inp111.dat
Processing /project/atlas/users/okarkout/theo/dmonly/run/cards/MO_inp111.dat with micromegas
510.000 1.64e-02 7.894E-09
processing 111	510	0.0164	7.894e-09
excluded from dm 10
Should be visible in LUX!
112 /project/atlas/users/okarkout/theo/dmonly/run/cards/MO_inp112.dat
Processing /project/atlas/users/okarkout/theo/dmonly/run/cards/MO_inp112.dat with micromegas
560.000 2.43e-02 6.550E-09
processing 112	560	0.0243	6.55e-09
excluded from dm 10
Should be visible in LUX!
113 /project/atlas/users/okarkout/theo/dmonly/run/cards/MO_inp113.dat
Processing /project/atlas/users/okarkout/theo/dmonly/run/cards/MO_inp113.dat with micromegas
610.000 2.83e-02 5.522E-09
processing 113	610	0.0283	5.522e-09
excluded from dm 10
Should be visible in LUX!
114 /project/atlas/users/okarkout/theo/dmonly/run/cards/MO_inp114.dat
Processing /project/atlas/users/okarkout/theo/dmonly/run/cards/MO_inp114.dat with micromegas
660.000 2.98e-02 4.718E-09
processing 114	660	0.0298	4.718e-09
excluded from dm 10
Should be visible in LUX!
115 /project/atlas/users/okarkout/theo/dmonly/run/cards/MO_inp115.dat
Processing /project/atlas/users/okarkout/theo/dmonly/run/cards/MO_inp115.dat with micromegas
710.000 3.07e-02 4.078E-09
processing 115	710	0.0307	4.078e-09
excluded from dm 10
Should be visible in LUX!
116 /project/atlas/users/okarkout/theo/dmonly/run/cards/MO_inp116.dat
Processing /project/atlas/users/okarkout/theo/dmonly/run/cards/MO_inp116.dat with micromegas
760.000 3.17e-02 3.559E-09
processing 116	760	0.0317	3.559e-09
excluded from dm 10
Should be visible in LUX!
117 /project/atlas/users/okarkout/theo/dmonly/run/cards/MO_inp117.dat
Processing /project/atlas/users/okarkout/theo/dmonly/run/cards/MO_inp117.dat with micromegas
810.000 3.30e-02 3.134E-09
processing 117	810	0.033	3.134e-09
excluded from dm 10
Should be visible in LUX!
118 /project/atlas/users/okarkout/theo/dmonly/run/cards/MO_inp118.dat
Processing /project/atlas/users/okarkout/theo/dmonly/run/cards/MO_inp118.dat with micromegas
860.000 3.46e-02 2.780E-09
processing 118	860	0.0346	2.78e-09
excluded from dm 10
Should be visible in LUX!
119 /project/atlas/users/okarkout/theo/dmonly/run/cards/MO_inp119.dat
Processing /project/atlas/users/okarkout/theo/dmonly/run/cards/MO_inp119.dat with micromegas
910.000 3.65e-02 2.484E-09
processing 119	910	0.0365	2.484e-09
Point agrees with DM data
11 /project/atlas/users/okarkout/theo/dmonly/run/cards/MO_inp11.dat
Processing /project/atlas/users/okarkout/theo/dmonly/run/cards/MO_inp11.dat with micromegas
510.000 4.50e-02 1.826E-10
processing 11	510	0.045	1.826e-10
Point agrees with DM data
120 /project/atlas/users/okarkout/theo/dmonly/run/cards/MO_inp120.dat
Processing /project/atlas/users/okarkout/theo/dmonly/run/cards/MO_inp120.dat with micromegas
1000.000 4.05e-02 2.057E-09
processing 120	1000	0.0405	2.057e-09
Point agrees with DM data
121 /project/atlas/users/okarkout/theo/dmonly/run/cards/MO_inp121.dat
Processing /project/atlas/users/okarkout/theo/dmonly/run/cards/MO_inp121.dat with micromegas
10.000 4.94e-02 2.607E-05
processing 121	10	0.0494	2.607e-05
excluded from dm 10
Should be visible in LUX!
122 /project/atlas/users/okarkout/theo/dmonly/run/cards/MO_inp122.dat
Processing /project/atlas/users/okarkout/theo/dmonly/run/cards/MO_inp122.dat with micromegas
60.000 4.19e-05 8.402E-07
processing 122	60	4.19e-05	8.402e-07
excluded from dm 10
Should be visible in LUX!
123 /project/atlas/users/okarkout/theo/dmonly/run/cards/MO_inp123.dat
Processing /project/atlas/users/okarkout/theo/dmonly/run/cards/MO_inp123.dat with micromegas
110.000 3.81e-04 2.535E-07
processing 123	110	0.000381	2.535e-07
excluded from dm 10
Should be visible in LUX!
124 /project/atlas/users/okarkout/theo/dmonly/run/cards/MO_inp124.dat
Processing /project/atlas/users/okarkout/theo/dmonly/run/cards/MO_inp124.dat with micromegas
160.000 1.44e-04 1.205E-07
processing 124	160	0.000144	1.205e-07
excluded from dm 10
Should be visible in LUX!
125 /project/atlas/users/okarkout/theo/dmonly/run/cards/MO_inp125.dat
Processing /project/atlas/users/okarkout/theo/dmonly/run/cards/MO_inp125.dat with micromegas
210.000 6.78e-05 7.012E-08
processing 125	210	6.78e-05	7.012e-08
Point agrees with DM data
126 /project/atlas/users/okarkout/theo/dmonly/run/cards/MO_inp126.dat
Processing /project/atlas/users/okarkout/theo/dmonly/run/cards/MO_inp126.dat with micromegas
260.000 1.34e-05 4.582E-08
processing 126	260	1.34e-05	4.582e-08
Point agrees with DM data
127 /project/atlas/users/okarkout/theo/dmonly/run/cards/MO_inp127.dat
Processing /project/atlas/users/okarkout/theo/dmonly/run/cards/MO_inp127.dat with micromegas
310.000 4.49e-04 3.227E-08
processing 127	310	0.000449	3.227e-08
Point agrees with DM data
128 /project/atlas/users/okarkout/theo/dmonly/run/cards/MO_inp128.dat
Processing /project/atlas/users/okarkout/theo/dmonly/run/cards/MO_inp128.dat with micromegas
360.000 1.55e-03 2.395E-08
processing 128	360	0.00155	2.395e-08
excluded from dm 10
Should be visible in LUX!
129 /project/atlas/users/okarkout/theo/dmonly/run/cards/MO_inp129.dat
Processing /project/atlas/users/okarkout/theo/dmonly/run/cards/MO_inp129.dat with micromegas
410.000 4.09e-03 1.848E-08
processing 129	410	0.00409	1.848e-08
excluded from dm 10
Should be visible in LUX!
12 /project/atlas/users/okarkout/theo/dmonly/run/cards/MO_inp12.dat
Processing /project/atlas/users/okarkout/theo/dmonly/run/cards/MO_inp12.dat with micromegas
560.000 5.47e-02 1.515E-10
processing 12	560	0.0547	1.515e-10
Point agrees with DM data
130 /project/atlas/users/okarkout/theo/dmonly/run/cards/MO_inp130.dat
Processing /project/atlas/users/okarkout/theo/dmonly/run/cards/MO_inp130.dat with micromegas
460.000 8.46e-03 1.469E-08
processing 130	460	0.00846	1.469e-08
excluded from dm 10
Should be visible in LUX!
131 /project/atlas/users/okarkout/theo/dmonly/run/cards/MO_inp131.dat
Processing /project/atlas/users/okarkout/theo/dmonly/run/cards/MO_inp131.dat with micromegas
510.000 1.24e-02 1.195E-08
processing 131	510	0.0124	1.195e-08
excluded from dm 10
Should be visible in LUX!
132 /project/atlas/users/okarkout/theo/dmonly/run/cards/MO_inp132.dat
Processing /project/atlas/users/okarkout/theo/dmonly/run/cards/MO_inp132.dat with micromegas
560.000 2.18e-02 9.916E-09
processing 132	560	0.0218	9.916e-09
excluded from dm 10
Should be visible in LUX!
133 /project/atlas/users/okarkout/theo/dmonly/run/cards/MO_inp133.dat
Processing /project/atlas/users/okarkout/theo/dmonly/run/cards/MO_inp133.dat with micromegas
610.000 2.91e-02 8.359E-09
processing 133	610	0.0291	8.359e-09
excluded from dm 10
Should be visible in LUX!
134 /project/atlas/users/okarkout/theo/dmonly/run/cards/MO_inp134.dat
Processing /project/atlas/users/okarkout/theo/dmonly/run/cards/MO_inp134.dat with micromegas
660.000 3.12e-02 7.142E-09
processing 134	660	0.0312	7.142e-09
excluded from dm 10
Should be visible in LUX!
135 /project/atlas/users/okarkout/theo/dmonly/run/cards/MO_inp135.dat
Processing /project/atlas/users/okarkout/theo/dmonly/run/cards/MO_inp135.dat with micromegas
710.000 3.12e-02 6.173E-09
processing 135	710	0.0312	6.173e-09
excluded from dm 10
Should be visible in LUX!
136 /project/atlas/users/okarkout/theo/dmonly/run/cards/MO_inp136.dat
Processing /project/atlas/users/okarkout/theo/dmonly/run/cards/MO_inp136.dat with micromegas
760.000 3.10e-02 5.388E-09
processing 136	760	0.031	5.388e-09
excluded from dm 10
Should be visible in LUX!
137 /project/atlas/users/okarkout/theo/dmonly/run/cards/MO_inp137.dat
Processing /project/atlas/users/okarkout/theo/dmonly/run/cards/MO_inp137.dat with micromegas
810.000 3.12e-02 4.744E-09
processing 137	810	0.0312	4.744e-09
excluded from dm 10
Should be visible in LUX!
138 /project/atlas/users/okarkout/theo/dmonly/run/cards/MO_inp138.dat
Processing /project/atlas/users/okarkout/theo/dmonly/run/cards/MO_inp138.dat with micromegas
860.000 3.17e-02 4.209E-09
processing 138	860	0.0317	4.209e-09
excluded from dm 10
Should be visible in LUX!
139 /project/atlas/users/okarkout/theo/dmonly/run/cards/MO_inp139.dat
Processing /project/atlas/users/okarkout/theo/dmonly/run/cards/MO_inp139.dat with micromegas
910.000 3.27e-02 3.760E-09
processing 139	910	0.0327	3.76e-09
excluded from dm 10
Should be visible in LUX!
13 /project/atlas/users/okarkout/theo/dmonly/run/cards/MO_inp13.dat
Processing /project/atlas/users/okarkout/theo/dmonly/run/cards/MO_inp13.dat with micromegas
610.000 6.64e-02 1.277E-10
processing 13	610	0.0664	1.277e-10
Point agrees with DM data
140 /project/atlas/users/okarkout/theo/dmonly/run/cards/MO_inp140.dat
Processing /project/atlas/users/okarkout/theo/dmonly/run/cards/MO_inp140.dat with micromegas
1000.000 3.51e-02 3.114E-09
processing 140	1000	0.0351	3.114e-09
excluded from dm 10
Should be visible in LUX!
141 /project/atlas/users/okarkout/theo/dmonly/run/cards/MO_inp141.dat
Processing /project/atlas/users/okarkout/theo/dmonly/run/cards/MO_inp141.dat with micromegas
10.000 3.57e-02 3.675E-05
processing 141	10	0.0357	3.675e-05
excluded from dm 10
Should be visible in LUX!
142 /project/atlas/users/okarkout/theo/dmonly/run/cards/MO_inp142.dat
Processing /project/atlas/users/okarkout/theo/dmonly/run/cards/MO_inp142.dat with micromegas
60.000 3.97e-05 1.184E-06
processing 142	60	3.97e-05	1.184e-06
excluded from dm 10
Should be visible in LUX!
143 /project/atlas/users/okarkout/theo/dmonly/run/cards/MO_inp143.dat
Processing /project/atlas/users/okarkout/theo/dmonly/run/cards/MO_inp143.dat with micromegas
110.000 2.79e-04 3.573E-07
processing 143	110	0.000279	3.573e-07
excluded from dm 10
Should be visible in LUX!
144 /project/atlas/users/okarkout/theo/dmonly/run/cards/MO_inp144.dat
Processing /project/atlas/users/okarkout/theo/dmonly/run/cards/MO_inp144.dat with micromegas
160.000 9.60e-05 1.698E-07
processing 144	160	9.6e-05	1.698e-07
excluded from dm 10
Should be visible in LUX!
145 /project/atlas/users/okarkout/theo/dmonly/run/cards/MO_inp145.dat
Processing /project/atlas/users/okarkout/theo/dmonly/run/cards/MO_inp145.dat with micromegas
210.000 5.05e-05 9.884E-08
processing 145	210	5.05e-05	9.884e-08
Point agrees with DM data
146 /project/atlas/users/okarkout/theo/dmonly/run/cards/MO_inp146.dat
Processing /project/atlas/users/okarkout/theo/dmonly/run/cards/MO_inp146.dat with micromegas
260.000 1.05e-05 6.459E-08
processing 146	260	1.05e-05	6.459e-08
Point agrees with DM data
147 /project/atlas/users/okarkout/theo/dmonly/run/cards/MO_inp147.dat
Processing /project/atlas/users/okarkout/theo/dmonly/run/cards/MO_inp147.dat with micromegas
310.000 3.54e-04 4.549E-08
processing 147	310	0.000354	4.549e-08
Point agrees with DM data
148 /project/atlas/users/okarkout/theo/dmonly/run/cards/MO_inp148.dat
Processing /project/atlas/users/okarkout/theo/dmonly/run/cards/MO_inp148.dat with micromegas
360.000 1.12e-03 3.376E-08
processing 148	360	0.00112	3.376e-08
excluded from dm 10
Should be visible in LUX!
149 /project/atlas/users/okarkout/theo/dmonly/run/cards/MO_inp149.dat
Processing /project/atlas/users/okarkout/theo/dmonly/run/cards/MO_inp149.dat with micromegas
410.000 3.09e-03 2.604E-08
processing 149	410	0.00309	2.604e-08
excluded from dm 10
Should be visible in LUX!
14 /project/atlas/users/okarkout/theo/dmonly/run/cards/MO_inp14.dat
Processing /project/atlas/users/okarkout/theo/dmonly/run/cards/MO_inp14.dat with micromegas
660.000 7.95e-02 1.091E-10
processing 14	660	0.0795	1.091e-10
Point agrees with DM data
150 /project/atlas/users/okarkout/theo/dmonly/run/cards/MO_inp150.dat
Processing /project/atlas/users/okarkout/theo/dmonly/run/cards/MO_inp150.dat with micromegas
460.000 6.76e-03 2.070E-08
processing 150	460	0.00676	2.07e-08
excluded from dm 10
Should be visible in LUX!
151 /project/atlas/users/okarkout/theo/dmonly/run/cards/MO_inp151.dat
Processing /project/atlas/users/okarkout/theo/dmonly/run/cards/MO_inp151.dat with micromegas
510.000 8.39e-03 1.685E-08
processing 151	510	0.00839	1.685e-08
excluded from dm 10
Should be visible in LUX!
152 /project/atlas/users/okarkout/theo/dmonly/run/cards/MO_inp152.dat
Processing /project/atlas/users/okarkout/theo/dmonly/run/cards/MO_inp152.dat with micromegas
560.000 1.67e-02 1.398E-08
processing 152	560	0.0167	1.398e-08
excluded from dm 10
Should be visible in LUX!
153 /project/atlas/users/okarkout/theo/dmonly/run/cards/MO_inp153.dat
Processing /project/atlas/users/okarkout/theo/dmonly/run/cards/MO_inp153.dat with micromegas
610.000 2.81e-02 1.178E-08
processing 153	610	0.0281	1.178e-08
excluded from dm 10
Should be visible in LUX!
154 /project/atlas/users/okarkout/theo/dmonly/run/cards/MO_inp154.dat
Processing /project/atlas/users/okarkout/theo/dmonly/run/cards/MO_inp154.dat with micromegas
660.000 3.35e-02 1.007E-08
processing 154	660	0.0335	1.007e-08
excluded from dm 10
Should be visible in LUX!
155 /project/atlas/users/okarkout/theo/dmonly/run/cards/MO_inp155.dat
Processing /project/atlas/users/okarkout/theo/dmonly/run/cards/MO_inp155.dat with micromegas
710.000 3.34e-02 8.702E-09
processing 155	710	0.0334	8.702e-09
excluded from dm 10
Should be visible in LUX!
156 /project/atlas/users/okarkout/theo/dmonly/run/cards/MO_inp156.dat
Processing /project/atlas/users/okarkout/theo/dmonly/run/cards/MO_inp156.dat with micromegas
760.000 3.20e-02 7.596E-09
processing 156	760	0.032	7.596e-09
excluded from dm 10
Should be visible in LUX!
157 /project/atlas/users/okarkout/theo/dmonly/run/cards/MO_inp157.dat
Processing /project/atlas/users/okarkout/theo/dmonly/run/cards/MO_inp157.dat with micromegas
810.000 3.10e-02 6.688E-09
processing 157	810	0.031	6.688e-09
excluded from dm 10
Should be visible in LUX!
158 /project/atlas/users/okarkout/theo/dmonly/run/cards/MO_inp158.dat
Processing /project/atlas/users/okarkout/theo/dmonly/run/cards/MO_inp158.dat with micromegas
860.000 3.05e-02 5.934E-09
processing 158	860	0.0305	5.934e-09
excluded from dm 10
Should be visible in LUX!
159 /project/atlas/users/okarkout/theo/dmonly/run/cards/MO_inp159.dat
Processing /project/atlas/users/okarkout/theo/dmonly/run/cards/MO_inp159.dat with micromegas
910.000 3.05e-02 5.300E-09
processing 159	910	0.0305	5.3e-09
excluded from dm 10
Should be visible in LUX!
15 /project/atlas/users/okarkout/theo/dmonly/run/cards/MO_inp15.dat
Processing /project/atlas/users/okarkout/theo/dmonly/run/cards/MO_inp15.dat with micromegas
710.000 9.38e-02 9.431E-11
processing 15	710	0.0938	9.431e-11
Point agrees with DM data
160 /project/atlas/users/okarkout/theo/dmonly/run/cards/MO_inp160.dat
Processing /project/atlas/users/okarkout/theo/dmonly/run/cards/MO_inp160.dat with micromegas
1000.000 3.16e-02 4.390E-09
processing 160	1000	0.0316	4.39e-09
excluded from dm 10
Should be visible in LUX!
161 /project/atlas/users/okarkout/theo/dmonly/run/cards/MO_inp161.dat
Processing /project/atlas/users/okarkout/theo/dmonly/run/cards/MO_inp161.dat with micromegas
10.000 2.71e-02 4.926E-05
processing 161	10	0.0271	4.926e-05
excluded from dm 10
Should be visible in LUX!
162 /project/atlas/users/okarkout/theo/dmonly/run/cards/MO_inp162.dat
Processing /project/atlas/users/okarkout/theo/dmonly/run/cards/MO_inp162.dat with micromegas
60.000 3.75e-05 1.587E-06
processing 162	60	3.75e-05	1.587e-06
excluded from dm 10
Should be visible in LUX!
163 /project/atlas/users/okarkout/theo/dmonly/run/cards/MO_inp163.dat
Processing /project/atlas/users/okarkout/theo/dmonly/run/cards/MO_inp163.dat with micromegas
110.000 2.13e-04 4.790E-07
processing 163	110	0.000213	4.79e-07
excluded from dm 10
Should be visible in LUX!
164 /project/atlas/users/okarkout/theo/dmonly/run/cards/MO_inp164.dat
Processing /project/atlas/users/okarkout/theo/dmonly/run/cards/MO_inp164.dat with micromegas
160.000 6.67e-05 2.276E-07
processing 164	160	6.67e-05	2.276e-07
excluded from dm 10
Should be visible in LUX!
165 /project/atlas/users/okarkout/theo/dmonly/run/cards/MO_inp165.dat
Processing /project/atlas/users/okarkout/theo/dmonly/run/cards/MO_inp165.dat with micromegas
210.000 3.88e-05 1.325E-07
processing 165	210	3.88e-05	1.325e-07
Point agrees with DM data
166 /project/atlas/users/okarkout/theo/dmonly/run/cards/MO_inp166.dat
Processing /project/atlas/users/okarkout/theo/dmonly/run/cards/MO_inp166.dat with micromegas
260.000 8.46e-06 8.658E-08
processing 166	260	8.46e-06	8.658e-08
Point agrees with DM data
167 /project/atlas/users/okarkout/theo/dmonly/run/cards/MO_inp167.dat
Processing /project/atlas/users/okarkout/theo/dmonly/run/cards/MO_inp167.dat with micromegas
310.000 2.84e-04 6.097E-08
processing 167	310	0.000284	6.097e-08
Point agrees with DM data
168 /project/atlas/users/okarkout/theo/dmonly/run/cards/MO_inp168.dat
Processing /project/atlas/users/okarkout/theo/dmonly/run/cards/MO_inp168.dat with micromegas
360.000 8.07e-04 4.525E-08
processing 168	360	0.000807	4.525e-08
Point agrees with DM data
169 /project/atlas/users/okarkout/theo/dmonly/run/cards/MO_inp169.dat
Processing /project/atlas/users/okarkout/theo/dmonly/run/cards/MO_inp169.dat with micromegas
410.000 2.28e-03 3.491E-08
processing 169	410	0.00228	3.491e-08
excluded from dm 10
Should be visible in LUX!
16 /project/atlas/users/okarkout/theo/dmonly/run/cards/MO_inp16.dat
Processing /project/atlas/users/okarkout/theo/dmonly/run/cards/MO_inp16.dat with micromegas
760.000 1.09e-01 8.232E-11
processing 16	760	0.109	8.232e-11
Point agrees with DM data
170 /project/atlas/users/okarkout/theo/dmonly/run/cards/MO_inp170.dat
Processing /project/atlas/users/okarkout/theo/dmonly/run/cards/MO_inp170.dat with micromegas
460.000 5.24e-03 2.775E-08
processing 170	460	0.00524	2.775e-08
excluded from dm 10
Should be visible in LUX!
171 /project/atlas/users/okarkout/theo/dmonly/run/cards/MO_inp171.dat
Processing /project/atlas/users/okarkout/theo/dmonly/run/cards/MO_inp171.dat with micromegas
510.000 5.36e-03 2.258E-08
processing 171	510	0.00536	2.258e-08
excluded from dm 10
Should be visible in LUX!
172 /project/atlas/users/okarkout/theo/dmonly/run/cards/MO_inp172.dat
Processing /project/atlas/users/okarkout/theo/dmonly/run/cards/MO_inp172.dat with micromegas
560.000 1.10e-02 1.873E-08
processing 172	560	0.011	1.873e-08
excluded from dm 10
Should be visible in LUX!
173 /project/atlas/users/okarkout/theo/dmonly/run/cards/MO_inp173.dat
Processing /project/atlas/users/okarkout/theo/dmonly/run/cards/MO_inp173.dat with micromegas
610.000 2.31e-02 1.579E-08
processing 173	610	0.0231	1.579e-08
excluded from dm 10
Should be visible in LUX!
174 /project/atlas/users/okarkout/theo/dmonly/run/cards/MO_inp174.dat
Processing /project/atlas/users/okarkout/theo/dmonly/run/cards/MO_inp174.dat with micromegas
660.000 3.44e-02 1.349E-08
processing 174	660	0.0344	1.349e-08
excluded from dm 10
Should be visible in LUX!
175 /project/atlas/users/okarkout/theo/dmonly/run/cards/MO_inp175.dat
Processing /project/atlas/users/okarkout/theo/dmonly/run/cards/MO_inp175.dat with micromegas
710.000 3.69e-02 1.166E-08
processing 175	710	0.0369	1.166e-08
excluded from dm 10
Should be visible in LUX!
176 /project/atlas/users/okarkout/theo/dmonly/run/cards/MO_inp176.dat
Processing /project/atlas/users/okarkout/theo/dmonly/run/cards/MO_inp176.dat with micromegas
760.000 3.47e-02 1.018E-08
processing 176	760	0.0347	1.018e-08
excluded from dm 10
Should be visible in LUX!
177 /project/atlas/users/okarkout/theo/dmonly/run/cards/MO_inp177.dat
Processing /project/atlas/users/okarkout/theo/dmonly/run/cards/MO_inp177.dat with micromegas
810.000 3.22e-02 8.964E-09
processing 177	810	0.0322	8.964e-09
excluded from dm 10
Should be visible in LUX!
178 /project/atlas/users/okarkout/theo/dmonly/run/cards/MO_inp178.dat
Processing /project/atlas/users/okarkout/theo/dmonly/run/cards/MO_inp178.dat with micromegas
860.000 3.06e-02 7.953E-09
processing 178	860	0.0306	7.953e-09
excluded from dm 10
Should be visible in LUX!
179 /project/atlas/users/okarkout/theo/dmonly/run/cards/MO_inp179.dat
Processing /project/atlas/users/okarkout/theo/dmonly/run/cards/MO_inp179.dat with micromegas
910.000 2.96e-02 7.104E-09
processing 179	910	0.0296	7.104e-09
excluded from dm 10
Should be visible in LUX!
17 /project/atlas/users/okarkout/theo/dmonly/run/cards/MO_inp17.dat
Processing /project/atlas/users/okarkout/theo/dmonly/run/cards/MO_inp17.dat with micromegas
810.000 1.26e-01 7.248E-11
processing 17	810	0.126	7.248e-11
excluded from dm 01
Too high relic dens
180 /project/atlas/users/okarkout/theo/dmonly/run/cards/MO_inp180.dat
Processing /project/atlas/users/okarkout/theo/dmonly/run/cards/MO_inp180.dat with micromegas
1000.000 2.94e-02 5.884E-09
processing 180	1000	0.0294	5.884e-09
excluded from dm 10
Should be visible in LUX!
181 /project/atlas/users/okarkout/theo/dmonly/run/cards/MO_inp181.dat
Processing /project/atlas/users/okarkout/theo/dmonly/run/cards/MO_inp181.dat with micromegas
10.000 2.13e-02 6.360E-05
processing 181	10	0.0213	6.36e-05
excluded from dm 10
Should be visible in LUX!
182 /project/atlas/users/okarkout/theo/dmonly/run/cards/MO_inp182.dat
Processing /project/atlas/users/okarkout/theo/dmonly/run/cards/MO_inp182.dat with micromegas
60.000 3.52e-05 2.049E-06
processing 182	60	3.52e-05	2.049e-06
excluded from dm 10
Should be visible in LUX!
183 /project/atlas/users/okarkout/theo/dmonly/run/cards/MO_inp183.dat
Processing /project/atlas/users/okarkout/theo/dmonly/run/cards/MO_inp183.dat with micromegas
110.000 1.69e-04 6.184E-07
processing 183	110	0.000169	6.184e-07
excluded from dm 10
Should be visible in LUX!
184 /project/atlas/users/okarkout/theo/dmonly/run/cards/MO_inp184.dat
Processing /project/atlas/users/okarkout/theo/dmonly/run/cards/MO_inp184.dat with micromegas
160.000 4.79e-05 2.938E-07
processing 184	160	4.79e-05	2.938e-07
excluded from dm 10
Should be visible in LUX!
185 /project/atlas/users/okarkout/theo/dmonly/run/cards/MO_inp185.dat
Processing /project/atlas/users/okarkout/theo/dmonly/run/cards/MO_inp185.dat with micromegas
210.000 3.06e-05 1.710E-07
processing 185	210	3.06e-05	1.71e-07
Point agrees with DM data
186 /project/atlas/users/okarkout/theo/dmonly/run/cards/MO_inp186.dat
Processing /project/atlas/users/okarkout/theo/dmonly/run/cards/MO_inp186.dat with micromegas
260.000 6.97e-06 1.118E-07
processing 186	260	6.97e-06	1.118e-07
Point agrees with DM data
187 /project/atlas/users/okarkout/theo/dmonly/run/cards/MO_inp187.dat
Processing /project/atlas/users/okarkout/theo/dmonly/run/cards/MO_inp187.dat with micromegas
310.000 2.30e-04 7.872E-08
processing 187	310	0.00023	7.872e-08
Point agrees with DM data
188 /project/atlas/users/okarkout/theo/dmonly/run/cards/MO_inp188.dat
Processing /project/atlas/users/okarkout/theo/dmonly/run/cards/MO_inp188.dat with micromegas
360.000 5.82e-04 5.842E-08
processing 188	360	0.000582	5.842e-08
Point agrees with DM data
189 /project/atlas/users/okarkout/theo/dmonly/run/cards/MO_inp189.dat
Processing /project/atlas/users/okarkout/theo/dmonly/run/cards/MO_inp189.dat with micromegas
410.000 1.66e-03 4.507E-08
processing 189	410	0.00166	4.507e-08
excluded from dm 10
Should be visible in LUX!
18 /project/atlas/users/okarkout/theo/dmonly/run/cards/MO_inp18.dat
Processing /project/atlas/users/okarkout/theo/dmonly/run/cards/MO_inp18.dat with micromegas
860.000 1.43e-01 6.431E-11
processing 18	860	0.143	6.431e-11
excluded from dm 01
Too high relic dens
190 /project/atlas/users/okarkout/theo/dmonly/run/cards/MO_inp190.dat
Processing /project/atlas/users/okarkout/theo/dmonly/run/cards/MO_inp190.dat with micromegas
460.000 3.96e-03 3.582E-08
processing 190	460	0.00396	3.582e-08
excluded from dm 10
Should be visible in LUX!
191 /project/atlas/users/okarkout/theo/dmonly/run/cards/MO_inp191.dat
Processing /project/atlas/users/okarkout/theo/dmonly/run/cards/MO_inp191.dat with micromegas
510.000 3.39e-03 2.915E-08
processing 191	510	0.00339	2.915e-08
excluded from dm 10
Should be visible in LUX!
192 /project/atlas/users/okarkout/theo/dmonly/run/cards/MO_inp192.dat
Processing /project/atlas/users/okarkout/theo/dmonly/run/cards/MO_inp192.dat with micromegas
560.000 6.81e-03 2.419E-08
processing 192	560	0.00681	2.419e-08
excluded from dm 10
Should be visible in LUX!
193 /project/atlas/users/okarkout/theo/dmonly/run/cards/MO_inp193.dat
Processing /project/atlas/users/okarkout/theo/dmonly/run/cards/MO_inp193.dat with micromegas
610.000 1.61e-02 2.039E-08
processing 193	610	0.0161	2.039e-08
excluded from dm 10
Should be visible in LUX!
194 /project/atlas/users/okarkout/theo/dmonly/run/cards/MO_inp194.dat
Processing /project/atlas/users/okarkout/theo/dmonly/run/cards/MO_inp194.dat with micromegas
660.000 3.10e-02 1.742E-08
processing 194	660	0.031	1.742e-08
excluded from dm 10
Should be visible in LUX!
195 /project/atlas/users/okarkout/theo/dmonly/run/cards/MO_inp195.dat
Processing /project/atlas/users/okarkout/theo/dmonly/run/cards/MO_inp195.dat with micromegas
710.000 4.00e-02 1.506E-08
processing 195	710	0.04	1.506e-08
excluded from dm 10
Should be visible in LUX!
196 /project/atlas/users/okarkout/theo/dmonly/run/cards/MO_inp196.dat
Processing /project/atlas/users/okarkout/theo/dmonly/run/cards/MO_inp196.dat with micromegas
760.000 3.89e-02 1.314E-08
processing 196	760	0.0389	1.314e-08
excluded from dm 10
Should be visible in LUX!
197 /project/atlas/users/okarkout/theo/dmonly/run/cards/MO_inp197.dat
Processing /project/atlas/users/okarkout/theo/dmonly/run/cards/MO_inp197.dat with micromegas
810.000 3.51e-02 1.157E-08
processing 197	810	0.0351	1.157e-08
excluded from dm 10
Should be visible in LUX!
198 /project/atlas/users/okarkout/theo/dmonly/run/cards/MO_inp198.dat
Processing /project/atlas/users/okarkout/theo/dmonly/run/cards/MO_inp198.dat with micromegas
860.000 3.19e-02 1.027E-08
processing 198	860	0.0319	1.027e-08
excluded from dm 10
Should be visible in LUX!
199 /project/atlas/users/okarkout/theo/dmonly/run/cards/MO_inp199.dat
Processing /project/atlas/users/okarkout/theo/dmonly/run/cards/MO_inp199.dat with micromegas
910.000 2.98e-02 9.171E-09
processing 199	910	0.0298	9.171e-09
excluded from dm 10
Should be visible in LUX!
19 /project/atlas/users/okarkout/theo/dmonly/run/cards/MO_inp19.dat
Processing /project/atlas/users/okarkout/theo/dmonly/run/cards/MO_inp19.dat with micromegas
910.000 1.61e-01 5.744E-11
processing 19	910	0.161	5.744e-11
excluded from dm 01
Too high relic dens
1 /project/atlas/users/okarkout/theo/dmonly/run/cards/MO_inp1.dat
Processing /project/atlas/users/okarkout/theo/dmonly/run/cards/MO_inp1.dat with micromegas
10.000 2.52e+00 3.983E-07
processing 1	10	2.52	3.983e-07
excluded from dm 00
Too high relic dens
Should be visible in LUX!
200 /project/atlas/users/okarkout/theo/dmonly/run/cards/MO_inp200.dat
Processing /project/atlas/users/okarkout/theo/dmonly/run/cards/MO_inp200.dat with micromegas
1000.000 2.82e-02 7.596E-09
processing 200	1000	0.0282	7.596e-09
excluded from dm 10
Should be visible in LUX!
20 /project/atlas/users/okarkout/theo/dmonly/run/cards/MO_inp20.dat
Processing /project/atlas/users/okarkout/theo/dmonly/run/cards/MO_inp20.dat with micromegas
1000.000 1.97e-01 4.758E-11
processing 20	1000	0.197	4.758e-11
excluded from dm 01
Too high relic dens
21 /project/atlas/users/okarkout/theo/dmonly/run/cards/MO_inp21.dat
Processing /project/atlas/users/okarkout/theo/dmonly/run/cards/MO_inp21.dat with micromegas
10.000 8.43e+00 1.057E-07
processing 21	10	8.43	1.057e-07
excluded from dm 00
Too high relic dens
Should be visible in LUX!
22 /project/atlas/users/okarkout/theo/dmonly/run/cards/MO_inp22.dat
Processing /project/atlas/users/okarkout/theo/dmonly/run/cards/MO_inp22.dat with micromegas
60.000 8.01e-05 3.405E-09
processing 22	60	8.01e-05	3.405e-09
Point agrees with DM data
23 /project/atlas/users/okarkout/theo/dmonly/run/cards/MO_inp23.dat
Processing /project/atlas/users/okarkout/theo/dmonly/run/cards/MO_inp23.dat with micromegas
110.000 2.13e-02 1.028E-09
processing 23	110	0.0213	1.028e-09
excluded from dm 10
Should be visible in LUX!
24 /project/atlas/users/okarkout/theo/dmonly/run/cards/MO_inp24.dat
Processing /project/atlas/users/okarkout/theo/dmonly/run/cards/MO_inp24.dat with micromegas
160.000 6.47e-03 4.883E-10
processing 24	160	0.00647	4.883e-10
Point agrees with DM data
25 /project/atlas/users/okarkout/theo/dmonly/run/cards/MO_inp25.dat
Processing /project/atlas/users/okarkout/theo/dmonly/run/cards/MO_inp25.dat with micromegas
210.000 1.07e-03 2.842E-10
processing 25	210	0.00107	2.842e-10
Point agrees with DM data
26 /project/atlas/users/okarkout/theo/dmonly/run/cards/MO_inp26.dat
Processing /project/atlas/users/okarkout/theo/dmonly/run/cards/MO_inp26.dat with micromegas
260.000 1.24e-04 1.857E-10
processing 26	260	0.000124	1.857e-10
Point agrees with DM data
27 /project/atlas/users/okarkout/theo/dmonly/run/cards/MO_inp27.dat
Processing /project/atlas/users/okarkout/theo/dmonly/run/cards/MO_inp27.dat with micromegas
310.000 2.77e-03 1.308E-10
processing 27	310	0.00277	1.308e-10
Point agrees with DM data
28 /project/atlas/users/okarkout/theo/dmonly/run/cards/MO_inp28.dat
Processing /project/atlas/users/okarkout/theo/dmonly/run/cards/MO_inp28.dat with micromegas
360.000 8.08e-03 9.707E-11
processing 28	360	0.00808	9.707e-11
Point agrees with DM data
29 /project/atlas/users/okarkout/theo/dmonly/run/cards/MO_inp29.dat
Processing /project/atlas/users/okarkout/theo/dmonly/run/cards/MO_inp29.dat with micromegas
410.000 1.56e-02 7.489E-11
processing 29	410	0.0156	7.489e-11
Point agrees with DM data
2 /project/atlas/users/okarkout/theo/dmonly/run/cards/MO_inp2.dat
Processing /project/atlas/users/okarkout/theo/dmonly/run/cards/MO_inp2.dat with micromegas
60.000 7.04e-05 1.284E-08
processing 2	60	7.04e-05	1.284e-08
Point agrees with DM data
30 /project/atlas/users/okarkout/theo/dmonly/run/cards/MO_inp30.dat
Processing /project/atlas/users/okarkout/theo/dmonly/run/cards/MO_inp30.dat with micromegas
460.000 2.49e-02 5.952E-11
processing 30	460	0.0249	5.952e-11
Point agrees with DM data
31 /project/atlas/users/okarkout/theo/dmonly/run/cards/MO_inp31.dat
Processing /project/atlas/users/okarkout/theo/dmonly/run/cards/MO_inp31.dat with micromegas
510.000 3.17e-02 4.844E-11
processing 31	510	0.0317	4.844e-11
Point agrees with DM data
32 /project/atlas/users/okarkout/theo/dmonly/run/cards/MO_inp32.dat
Processing /project/atlas/users/okarkout/theo/dmonly/run/cards/MO_inp32.dat with micromegas
560.000 3.75e-02 4.019E-11
processing 32	560	0.0375	4.019e-11
Point agrees with DM data
33 /project/atlas/users/okarkout/theo/dmonly/run/cards/MO_inp33.dat
Processing /project/atlas/users/okarkout/theo/dmonly/run/cards/MO_inp33.dat with micromegas
610.000 4.47e-02 3.388E-11
processing 33	610	0.0447	3.388e-11
Point agrees with DM data
34 /project/atlas/users/okarkout/theo/dmonly/run/cards/MO_inp34.dat
Processing /project/atlas/users/okarkout/theo/dmonly/run/cards/MO_inp34.dat with micromegas
660.000 5.28e-02 2.895E-11
processing 34	660	0.0528	2.895e-11
Point agrees with DM data
35 /project/atlas/users/okarkout/theo/dmonly/run/cards/MO_inp35.dat
Processing /project/atlas/users/okarkout/theo/dmonly/run/cards/MO_inp35.dat with micromegas
710.000 6.18e-02 2.502E-11
processing 35	710	0.0618	2.502e-11
Point agrees with DM data
36 /project/atlas/users/okarkout/theo/dmonly/run/cards/MO_inp36.dat
Processing /project/atlas/users/okarkout/theo/dmonly/run/cards/MO_inp36.dat with micromegas
760.000 7.14e-02 2.184E-11
processing 36	760	0.0714	2.184e-11
Point agrees with DM data
37 /project/atlas/users/okarkout/theo/dmonly/run/cards/MO_inp37.dat
Processing /project/atlas/users/okarkout/theo/dmonly/run/cards/MO_inp37.dat with micromegas
810.000 8.18e-02 1.923E-11
processing 37	810	0.0818	1.923e-11
Point agrees with DM data
38 /project/atlas/users/okarkout/theo/dmonly/run/cards/MO_inp38.dat
Processing /project/atlas/users/okarkout/theo/dmonly/run/cards/MO_inp38.dat with micromegas
860.000 9.28e-02 1.706E-11
processing 38	860	0.0928	1.706e-11
Point agrees with DM data
39 /project/atlas/users/okarkout/theo/dmonly/run/cards/MO_inp39.dat
Processing /project/atlas/users/okarkout/theo/dmonly/run/cards/MO_inp39.dat with micromegas
910.000 1.04e-01 1.524E-11
processing 39	910	0.104	1.524e-11
Point agrees with DM data
3 /project/atlas/users/okarkout/theo/dmonly/run/cards/MO_inp3.dat
Processing /project/atlas/users/okarkout/theo/dmonly/run/cards/MO_inp3.dat with micromegas
110.000 1.11e-01 3.873E-09
processing 3	110	0.111	3.873e-09
excluded from dm 10
Should be visible in LUX!
40 /project/atlas/users/okarkout/theo/dmonly/run/cards/MO_inp40.dat
Processing /project/atlas/users/okarkout/theo/dmonly/run/cards/MO_inp40.dat with micromegas
1000.000 1.27e-01 1.262E-11
processing 40	1000	0.127	1.262e-11
excluded from dm 01
Too high relic dens
41 /project/atlas/users/okarkout/theo/dmonly/run/cards/MO_inp41.dat
Processing /project/atlas/users/okarkout/theo/dmonly/run/cards/MO_inp41.dat with micromegas
10.000 6.62e-01 1.642E-06
processing 41	10	0.662	1.642e-06
excluded from dm 00
Too high relic dens
Should be visible in LUX!
42 /project/atlas/users/okarkout/theo/dmonly/run/cards/MO_inp42.dat
Processing /project/atlas/users/okarkout/theo/dmonly/run/cards/MO_inp42.dat with micromegas
60.000 5.11e-05 5.290E-08
processing 42	60	5.11e-05	5.29e-08
excluded from dm 10
Should be visible in LUX!
43 /project/atlas/users/okarkout/theo/dmonly/run/cards/MO_inp43.dat
Processing /project/atlas/users/okarkout/theo/dmonly/run/cards/MO_inp43.dat with micromegas
110.000 3.91e-03 1.596E-08
processing 43	110	0.00391	1.596e-08
excluded from dm 10
Should be visible in LUX!
44 /project/atlas/users/okarkout/theo/dmonly/run/cards/MO_inp44.dat
Processing /project/atlas/users/okarkout/theo/dmonly/run/cards/MO_inp44.dat with micromegas
160.000 1.74e-03 7.585E-09
processing 44	160	0.00174	7.585e-09
excluded from dm 10
Should be visible in LUX!
45 /project/atlas/users/okarkout/theo/dmonly/run/cards/MO_inp45.dat
Processing /project/atlas/users/okarkout/theo/dmonly/run/cards/MO_inp45.dat with micromegas
210.000 4.31e-04 4.415E-09
processing 45	210	0.000431	4.415e-09
Point agrees with DM data
46 /project/atlas/users/okarkout/theo/dmonly/run/cards/MO_inp46.dat
Processing /project/atlas/users/okarkout/theo/dmonly/run/cards/MO_inp46.dat with micromegas
260.000 6.16e-05 2.885E-09
processing 46	260	6.16e-05	2.885e-09
Point agrees with DM data
47 /project/atlas/users/okarkout/theo/dmonly/run/cards/MO_inp47.dat
Processing /project/atlas/users/okarkout/theo/dmonly/run/cards/MO_inp47.dat with micromegas
310.000 1.64e-03 2.032E-09
processing 47	310	0.00164	2.032e-09
Point agrees with DM data
48 /project/atlas/users/okarkout/theo/dmonly/run/cards/MO_inp48.dat
Processing /project/atlas/users/okarkout/theo/dmonly/run/cards/MO_inp48.dat with micromegas
360.000 5.37e-03 1.508E-09
processing 48	360	0.00537	1.508e-09
Point agrees with DM data
49 /project/atlas/users/okarkout/theo/dmonly/run/cards/MO_inp49.dat
Processing /project/atlas/users/okarkout/theo/dmonly/run/cards/MO_inp49.dat with micromegas
410.000 1.12e-02 1.163E-09
processing 49	410	0.0112	1.163e-09
Point agrees with DM data
4 /project/atlas/users/okarkout/theo/dmonly/run/cards/MO_inp4.dat
Processing /project/atlas/users/okarkout/theo/dmonly/run/cards/MO_inp4.dat with micromegas
160.000 2.73e-01 1.840E-09
processing 4	160	0.273	1.84e-09
excluded from dm 00
Too high relic dens
Should be visible in LUX!
50 /project/atlas/users/okarkout/theo/dmonly/run/cards/MO_inp50.dat
Processing /project/atlas/users/okarkout/theo/dmonly/run/cards/MO_inp50.dat with micromegas
460.000 1.88e-02 9.247E-10
processing 50	460	0.0188	9.247e-10
Point agrees with DM data
51 /project/atlas/users/okarkout/theo/dmonly/run/cards/MO_inp51.dat
Processing /project/atlas/users/okarkout/theo/dmonly/run/cards/MO_inp51.dat with micromegas
510.000 2.53e-02 7.526E-10
processing 51	510	0.0253	7.526e-10
Point agrees with DM data
52 /project/atlas/users/okarkout/theo/dmonly/run/cards/MO_inp52.dat
Processing /project/atlas/users/okarkout/theo/dmonly/run/cards/MO_inp52.dat with micromegas
560.000 2.96e-02 6.244E-10
processing 52	560	0.0296	6.244e-10
Point agrees with DM data
53 /project/atlas/users/okarkout/theo/dmonly/run/cards/MO_inp53.dat
Processing /project/atlas/users/okarkout/theo/dmonly/run/cards/MO_inp53.dat with micromegas
610.000 3.42e-02 5.264E-10
processing 53	610	0.0342	5.264e-10
Point agrees with DM data
54 /project/atlas/users/okarkout/theo/dmonly/run/cards/MO_inp54.dat
Processing /project/atlas/users/okarkout/theo/dmonly/run/cards/MO_inp54.dat with micromegas
660.000 3.93e-02 4.497E-10
processing 54	660	0.0393	4.497e-10
Point agrees with DM data
55 /project/atlas/users/okarkout/theo/dmonly/run/cards/MO_inp55.dat
Processing /project/atlas/users/okarkout/theo/dmonly/run/cards/MO_inp55.dat with micromegas
710.000 4.49e-02 3.887E-10
processing 55	710	0.0449	3.887e-10
Point agrees with DM data
56 /project/atlas/users/okarkout/theo/dmonly/run/cards/MO_inp56.dat
Processing /project/atlas/users/okarkout/theo/dmonly/run/cards/MO_inp56.dat with micromegas
760.000 5.10e-02 3.393E-10
processing 56	760	0.051	3.393e-10
Point agrees with DM data
57 /project/atlas/users/okarkout/theo/dmonly/run/cards/MO_inp57.dat
Processing /project/atlas/users/okarkout/theo/dmonly/run/cards/MO_inp57.dat with micromegas
810.000 5.75e-02 2.987E-10
processing 57	810	0.0575	2.987e-10
Point agrees with DM data
58 /project/atlas/users/okarkout/theo/dmonly/run/cards/MO_inp58.dat
Processing /project/atlas/users/okarkout/theo/dmonly/run/cards/MO_inp58.dat with micromegas
860.000 6.43e-02 2.651E-10
processing 58	860	0.0643	2.651e-10
Point agrees with DM data
59 /project/atlas/users/okarkout/theo/dmonly/run/cards/MO_inp59.dat
Processing /project/atlas/users/okarkout/theo/dmonly/run/cards/MO_inp59.dat with micromegas
910.000 7.16e-02 2.368E-10
processing 59	910	0.0716	2.368e-10
Point agrees with DM data
5 /project/atlas/users/okarkout/theo/dmonly/run/cards/MO_inp5.dat
Processing /project/atlas/users/okarkout/theo/dmonly/run/cards/MO_inp5.dat with micromegas
210.000 5.78e-03 1.071E-09
processing 5	210	0.00578	1.071e-09
Point agrees with DM data
60 /project/atlas/users/okarkout/theo/dmonly/run/cards/MO_inp60.dat
Processing /project/atlas/users/okarkout/theo/dmonly/run/cards/MO_inp60.dat with micromegas
1000.000 8.58e-02 1.961E-10
processing 60	1000	0.0858	1.961e-10
Point agrees with DM data
61 /project/atlas/users/okarkout/theo/dmonly/run/cards/MO_inp61.dat
Processing /project/atlas/users/okarkout/theo/dmonly/run/cards/MO_inp61.dat with micromegas
10.000 2.33e-01 5.007E-06
processing 61	10	0.233	5.007e-06
excluded from dm 00
Too high relic dens
Should be visible in LUX!
62 /project/atlas/users/okarkout/theo/dmonly/run/cards/MO_inp62.dat
Processing /project/atlas/users/okarkout/theo/dmonly/run/cards/MO_inp62.dat with micromegas
60.000 4.80e-05 1.613E-07
processing 62	60	4.8e-05	1.613e-07
excluded from dm 10
Should be visible in LUX!
63 /project/atlas/users/okarkout/theo/dmonly/run/cards/MO_inp63.dat
Processing /project/atlas/users/okarkout/theo/dmonly/run/cards/MO_inp63.dat with micromegas
110.000 1.61e-03 4.868E-08
processing 63	110	0.00161	4.868e-08
excluded from dm 10
Should be visible in LUX!
64 /project/atlas/users/okarkout/theo/dmonly/run/cards/MO_inp64.dat
Processing /project/atlas/users/okarkout/theo/dmonly/run/cards/MO_inp64.dat with micromegas
160.000 7.44e-04 2.313E-08
processing 64	160	0.000744	2.313e-08
excluded from dm 10
Should be visible in LUX!
65 /project/atlas/users/okarkout/theo/dmonly/run/cards/MO_inp65.dat
Processing /project/atlas/users/okarkout/theo/dmonly/run/cards/MO_inp65.dat with micromegas
210.000 2.30e-04 1.346E-08
processing 65	210	0.00023	1.346e-08
Point agrees with DM data
66 /project/atlas/users/okarkout/theo/dmonly/run/cards/MO_inp66.dat
Processing /project/atlas/users/okarkout/theo/dmonly/run/cards/MO_inp66.dat with micromegas
260.000 3.70e-05 8.799E-09
processing 66	260	3.7e-05	8.799e-09
Point agrees with DM data
67 /project/atlas/users/okarkout/theo/dmonly/run/cards/MO_inp67.dat
Processing /project/atlas/users/okarkout/theo/dmonly/run/cards/MO_inp67.dat with micromegas
310.000 1.09e-03 6.197E-09
processing 67	310	0.00109	6.197e-09
Point agrees with DM data
68 /project/atlas/users/okarkout/theo/dmonly/run/cards/MO_inp68.dat
Processing /project/atlas/users/okarkout/theo/dmonly/run/cards/MO_inp68.dat with micromegas
360.000 3.85e-03 4.599E-09
processing 68	360	0.00385	4.599e-09
Point agrees with DM data
69 /project/atlas/users/okarkout/theo/dmonly/run/cards/MO_inp69.dat
Processing /project/atlas/users/okarkout/theo/dmonly/run/cards/MO_inp69.dat with micromegas
410.000 8.54e-03 3.548E-09
processing 69	410	0.00854	3.548e-09
Point agrees with DM data
6 /project/atlas/users/okarkout/theo/dmonly/run/cards/MO_inp6.dat
Processing /project/atlas/users/okarkout/theo/dmonly/run/cards/MO_inp6.dat with micromegas
260.000 3.70e-04 7.001E-10
processing 6	260	0.00037	7.001e-10
Point agrees with DM data
70 /project/atlas/users/okarkout/theo/dmonly/run/cards/MO_inp70.dat
Processing /project/atlas/users/okarkout/theo/dmonly/run/cards/MO_inp70.dat with micromegas
460.000 1.50e-02 2.820E-09
processing 70	460	0.015	2.82e-09
Point agrees with DM data
71 /project/atlas/users/okarkout/theo/dmonly/run/cards/MO_inp71.dat
Processing /project/atlas/users/okarkout/theo/dmonly/run/cards/MO_inp71.dat with micromegas
510.000 2.19e-02 2.295E-09
processing 71	510	0.0219	2.295e-09
Point agrees with DM data
72 /project/atlas/users/okarkout/theo/dmonly/run/cards/MO_inp72.dat
Processing /project/atlas/users/okarkout/theo/dmonly/run/cards/MO_inp72.dat with micromegas
560.000 2.62e-02 1.904E-09
processing 72	560	0.0262	1.904e-09
Point agrees with DM data
73 /project/atlas/users/okarkout/theo/dmonly/run/cards/MO_inp73.dat
Processing /project/atlas/users/okarkout/theo/dmonly/run/cards/MO_inp73.dat with micromegas
610.000 2.95e-02 1.605E-09
processing 73	610	0.0295	1.605e-09
Point agrees with DM data
74 /project/atlas/users/okarkout/theo/dmonly/run/cards/MO_inp74.dat
Processing /project/atlas/users/okarkout/theo/dmonly/run/cards/MO_inp74.dat with micromegas
660.000 3.28e-02 1.371E-09
processing 74	660	0.0328	1.371e-09
Point agrees with DM data
75 /project/atlas/users/okarkout/theo/dmonly/run/cards/MO_inp75.dat
Processing /project/atlas/users/okarkout/theo/dmonly/run/cards/MO_inp75.dat with micromegas
710.000 3.64e-02 1.185E-09
processing 75	710	0.0364	1.185e-09
Point agrees with DM data
76 /project/atlas/users/okarkout/theo/dmonly/run/cards/MO_inp76.dat
Processing /project/atlas/users/okarkout/theo/dmonly/run/cards/MO_inp76.dat with micromegas
760.000 4.02e-02 1.035E-09
processing 76	760	0.0402	1.035e-09
Point agrees with DM data
77 /project/atlas/users/okarkout/theo/dmonly/run/cards/MO_inp77.dat
Processing /project/atlas/users/okarkout/theo/dmonly/run/cards/MO_inp77.dat with micromegas
810.000 4.43e-02 9.110E-10
processing 77	810	0.0443	9.11e-10
Point agrees with DM data
78 /project/atlas/users/okarkout/theo/dmonly/run/cards/MO_inp78.dat
Processing /project/atlas/users/okarkout/theo/dmonly/run/cards/MO_inp78.dat with micromegas
860.000 4.87e-02 8.083E-10
processing 78	860	0.0487	8.083e-10
Point agrees with DM data
79 /project/atlas/users/okarkout/theo/dmonly/run/cards/MO_inp79.dat
Processing /project/atlas/users/okarkout/theo/dmonly/run/cards/MO_inp79.dat with micromegas
910.000 5.35e-02 7.220E-10
processing 79	910	0.0535	7.22e-10
Point agrees with DM data
7 /project/atlas/users/okarkout/theo/dmonly/run/cards/MO_inp7.dat
Processing /project/atlas/users/okarkout/theo/dmonly/run/cards/MO_inp7.dat with micromegas
310.000 5.82e-03 4.930E-10
processing 7	310	0.00582	4.93e-10
Point agrees with DM data
80 /project/atlas/users/okarkout/theo/dmonly/run/cards/MO_inp80.dat
Processing /project/atlas/users/okarkout/theo/dmonly/run/cards/MO_inp80.dat with micromegas
1000.000 6.26e-02 5.980E-10
processing 80	1000	0.0626	5.98e-10
Point agrees with DM data
81 /project/atlas/users/okarkout/theo/dmonly/run/cards/MO_inp81.dat
Processing /project/atlas/users/okarkout/theo/dmonly/run/cards/MO_inp81.dat with micromegas
10.000 1.20e-01 1.020E-05
processing 81	10	0.12	1.02e-05
excluded from dm 10
Should be visible in LUX!
82 /project/atlas/users/okarkout/theo/dmonly/run/cards/MO_inp82.dat
Processing /project/atlas/users/okarkout/theo/dmonly/run/cards/MO_inp82.dat with micromegas
60.000 4.60e-05 3.287E-07
processing 82	60	4.6e-05	3.287e-07
excluded from dm 10
Should be visible in LUX!
83 /project/atlas/users/okarkout/theo/dmonly/run/cards/MO_inp83.dat
Processing /project/atlas/users/okarkout/theo/dmonly/run/cards/MO_inp83.dat with micromegas
110.000 8.76e-04 9.917E-08
processing 83	110	0.000876	9.917e-08
excluded from dm 10
Should be visible in LUX!
84 /project/atlas/users/okarkout/theo/dmonly/run/cards/MO_inp84.dat
Processing /project/atlas/users/okarkout/theo/dmonly/run/cards/MO_inp84.dat with micromegas
160.000 3.89e-04 4.712E-08
processing 84	160	0.000389	4.712e-08
excluded from dm 10
Should be visible in LUX!
85 /project/atlas/users/okarkout/theo/dmonly/run/cards/MO_inp85.dat
Processing /project/atlas/users/okarkout/theo/dmonly/run/cards/MO_inp85.dat with micromegas
210.000 1.41e-04 2.743E-08
processing 85	210	0.000141	2.743e-08
Point agrees with DM data
86 /project/atlas/users/okarkout/theo/dmonly/run/cards/MO_inp86.dat
Processing /project/atlas/users/okarkout/theo/dmonly/run/cards/MO_inp86.dat with micromegas
260.000 2.48e-05 1.793E-08
processing 86	260	2.48e-05	1.793e-08
Point agrees with DM data
87 /project/atlas/users/okarkout/theo/dmonly/run/cards/MO_inp87.dat
Processing /project/atlas/users/okarkout/theo/dmonly/run/cards/MO_inp87.dat with micromegas
310.000 7.78e-04 1.262E-08
processing 87	310	0.000778	1.262e-08
Point agrees with DM data
88 /project/atlas/users/okarkout/theo/dmonly/run/cards/MO_inp88.dat
Processing /project/atlas/users/okarkout/theo/dmonly/run/cards/MO_inp88.dat with micromegas
360.000 2.85e-03 9.369E-09
processing 88	360	0.00285	9.369e-09
Point agrees with DM data
89 /project/atlas/users/okarkout/theo/dmonly/run/cards/MO_inp89.dat
Processing /project/atlas/users/okarkout/theo/dmonly/run/cards/MO_inp89.dat with micromegas
410.000 6.72e-03 7.228E-09
processing 89	410	0.00672	7.228e-09
excluded from dm 10
Should be visible in LUX!
8 /project/atlas/users/okarkout/theo/dmonly/run/cards/MO_inp8.dat
Processing /project/atlas/users/okarkout/theo/dmonly/run/cards/MO_inp8.dat with micromegas
360.000 1.41e-02 3.659E-10
processing 8	360	0.0141	3.659e-10
Point agrees with DM data
90 /project/atlas/users/okarkout/theo/dmonly/run/cards/MO_inp90.dat
Processing /project/atlas/users/okarkout/theo/dmonly/run/cards/MO_inp90.dat with micromegas
460.000 1.24e-02 5.745E-09
processing 90	460	0.0124	5.745e-09
excluded from dm 10
Should be visible in LUX!
91 /project/atlas/users/okarkout/theo/dmonly/run/cards/MO_inp91.dat
Processing /project/atlas/users/okarkout/theo/dmonly/run/cards/MO_inp91.dat with micromegas
510.000 1.95e-02 4.676E-09
processing 91	510	0.0195	4.676e-09
excluded from dm 10
Should be visible in LUX!
92 /project/atlas/users/okarkout/theo/dmonly/run/cards/MO_inp92.dat
Processing /project/atlas/users/okarkout/theo/dmonly/run/cards/MO_inp92.dat with micromegas
560.000 2.51e-02 3.879E-09
processing 92	560	0.0251	3.879e-09
excluded from dm 10
Should be visible in LUX!
93 /project/atlas/users/okarkout/theo/dmonly/run/cards/MO_inp93.dat
Processing /project/atlas/users/okarkout/theo/dmonly/run/cards/MO_inp93.dat with micromegas
610.000 2.80e-02 3.270E-09
processing 93	610	0.028	3.27e-09
excluded from dm 10
Should be visible in LUX!
94 /project/atlas/users/okarkout/theo/dmonly/run/cards/MO_inp94.dat
Processing /project/atlas/users/okarkout/theo/dmonly/run/cards/MO_inp94.dat with micromegas
660.000 3.01e-02 2.794E-09
processing 94	660	0.0301	2.794e-09
excluded from dm 10
Should be visible in LUX!
95 /project/atlas/users/okarkout/theo/dmonly/run/cards/MO_inp95.dat
Processing /project/atlas/users/okarkout/theo/dmonly/run/cards/MO_inp95.dat with micromegas
710.000 3.22e-02 2.415E-09
processing 95	710	0.0322	2.415e-09
excluded from dm 10
Should be visible in LUX!
96 /project/atlas/users/okarkout/theo/dmonly/run/cards/MO_inp96.dat
Processing /project/atlas/users/okarkout/theo/dmonly/run/cards/MO_inp96.dat with micromegas
760.000 3.44e-02 2.108E-09
processing 96	760	0.0344	2.108e-09
Point agrees with DM data
97 /project/atlas/users/okarkout/theo/dmonly/run/cards/MO_inp97.dat
Processing /project/atlas/users/okarkout/theo/dmonly/run/cards/MO_inp97.dat with micromegas
810.000 3.70e-02 1.856E-09
processing 97	810	0.037	1.856e-09
Point agrees with DM data
98 /project/atlas/users/okarkout/theo/dmonly/run/cards/MO_inp98.dat
Processing /project/atlas/users/okarkout/theo/dmonly/run/cards/MO_inp98.dat with micromegas
860.000 3.98e-02 1.647E-09
processing 98	860	0.0398	1.647e-09
Point agrees with DM data
99 /project/atlas/users/okarkout/theo/dmonly/run/cards/MO_inp99.dat
Processing /project/atlas/users/okarkout/theo/dmonly/run/cards/MO_inp99.dat with micromegas
910.000 4.29e-02 1.471E-09
processing 99	910	0.0429	1.471e-09
Point agrees with DM data
9 /project/atlas/users/okarkout/theo/dmonly/run/cards/MO_inp9.dat
Processing /project/atlas/users/okarkout/theo/dmonly/run/cards/MO_inp9.dat with micromegas
410.000 2.42e-02 2.823E-10
processing 9	410	0.0242	2.823e-10
Point agrees with DM data
